::1 - - [27/Jun/2022:01:26:23 +0000] "GET /api-docs/ HTTP/1.1" 404 148 "-" "Mozilla/5.0 (Macintosh; Intel Mac OS X 10_15_7) AppleWebKit/537.36 (KHTML, like Gecko) Chrome/102.0.5005.61 Safari/537.36"
::1 - - [27/Jun/2022:01:26:26 +0000] "GET /api-docs/ HTTP/1.1" 404 148 "-" "Mozilla/5.0 (Macintosh; Intel Mac OS X 10_15_7) AppleWebKit/537.36 (KHTML, like Gecko) Chrome/102.0.5005.61 Safari/537.36"
::1 - - [27/Jun/2022:01:26:26 +0000] "GET /api-docs/ HTTP/1.1" 404 148 "-" "Mozilla/5.0 (Macintosh; Intel Mac OS X 10_15_7) AppleWebKit/537.36 (KHTML, like Gecko) Chrome/102.0.5005.61 Safari/537.36"
::1 - - [27/Jun/2022:02:13:32 +0000] "GET /api-docs/ HTTP/1.1" 404 148 "-" "Mozilla/5.0 (Macintosh; Intel Mac OS X 10_15_7) AppleWebKit/537.36 (KHTML, like Gecko) Chrome/102.0.5005.61 Safari/537.36"
::1 - - [27/Jun/2022:02:34:49 +0000] "PUT /auth/signup HTTP/1.1" 404 150 "-" "insomnia/2021.7.2"
::1 - - [27/Jun/2022:02:53:04 +0000] "POST /auth/signup HTTP/1.1" 422 96 "-" "insomnia/2021.7.2"
::1 - - [27/Jun/2022:02:53:36 +0000] "POST /auth/signup HTTP/1.1" 422 96 "-" "insomnia/2021.7.2"
::1 - - [27/Jun/2022:02:54:04 +0000] "POST /auth/signup HTTP/1.1" 422 96 "-" "insomnia/2021.7.2"
::1 - - [27/Jun/2022:02:54:06 +0000] "POST /auth/signup HTTP/1.1" 422 96 "-" "insomnia/2021.7.2"
::1 - - [27/Jun/2022:02:55:23 +0000] "POST /auth/signup HTTP/1.1" 422 98 "-" "insomnia/2021.7.2"
::1 - - [27/Jun/2022:02:55:59 +0000] "POST /auth/signup HTTP/1.1" 500 1009 "-" "insomnia/2021.7.2"
::1 - - [27/Jun/2022:02:56:09 +0000] "POST /auth/signup HTTP/1.1" 422 96 "-" "insomnia/2021.7.2"
::1 - - [27/Jun/2022:02:58:31 +0000] "POST /auth/signup HTTP/1.1" 422 96 "-" "insomnia/2021.7.2"
::1 - - [27/Jun/2022:02:58:37 +0000] "POST /auth/signup HTTP/1.1" 422 96 "-" "insomnia/2021.7.2"
::1 - - [27/Jun/2022:05:17:36 +0000] "POST /auth/signup HTTP/1.1" 500 14 "-" "insomnia/2021.7.2"
::1 - - [27/Jun/2022:05:18:26 +0000] "POST /auth/signup HTTP/1.1" 500 14 "-" "insomnia/2021.7.2"
::1 - - [27/Jun/2022:05:19:18 +0000] "POST /auth/signup HTTP/1.1" 500 61 "-" "insomnia/2021.7.2"
::1 - - [27/Jun/2022:05:19:56 +0000] "POST /auth/signup HTTP/1.1" 500 61 "-" "insomnia/2021.7.2"
::1 - - [27/Jun/2022:05:20:53 +0000] "POST /auth/signup HTTP/1.1" 500 61 "-" "insomnia/2021.7.2"
::1 - - [27/Jun/2022:05:21:14 +0000] "POST /auth/signup HTTP/1.1" 422 61 "-" "insomnia/2021.7.2"
::1 - - [27/Jun/2022:05:21:30 +0000] "POST /auth/signup HTTP/1.1" 422 61 "-" "insomnia/2021.7.2"
::1 - - [27/Jun/2022:05:23:26 +0000] "POST /auth/signup HTTP/1.1" 422 61 "-" "insomnia/2021.7.2"
::1 - - [27/Jun/2022:05:24:01 +0000] "POST /auth/signup HTTP/1.1" 422 61 "-" "insomnia/2021.7.2"
::1 - - [27/Jun/2022:05:24:26 +0000] "POST /auth/signup HTTP/1.1" 422 61 "-" "insomnia/2021.7.2"
::1 - - [27/Jun/2022:05:24:33 +0000] "POST /auth/signup HTTP/1.1" 422 63 "-" "insomnia/2021.7.2"
::1 - - [27/Jun/2022:05:24:36 +0000] "POST /auth/signup HTTP/1.1" 422 64 "-" "insomnia/2021.7.2"
::1 - - [27/Jun/2022:05:25:06 +0000] "POST /auth/signup HTTP/1.1" 422 64 "-" "insomnia/2021.7.2"
::1 - - [27/Jun/2022:05:25:22 +0000] "POST /auth/signup HTTP/1.1" 422 65 "-" "insomnia/2021.7.2"
::1 - - [27/Jun/2022:05:27:43 +0000] "POST /auth/signup HTTP/1.1" 422 66 "-" "insomnia/2021.7.2"
::1 - - [27/Jun/2022:05:28:00 +0000] "POST /auth/signup HTTP/1.1" 201 35 "-" "insomnia/2021.7.2"
::1 - - [27/Jun/2022:05:28:30 +0000] "POST /auth/signup HTTP/1.1" 422 64 "-" "insomnia/2021.7.2"
::1 - - [27/Jun/2022:05:28:42 +0000] "POST /auth/signup HTTP/1.1" 201 35 "-" "insomnia/2021.7.2"
::1 - - [27/Jun/2022:05:29:02 +0000] "POST /auth/signup HTTP/1.1" 201 35 "-" "insomnia/2021.7.2"
::1 - - [27/Jun/2022:05:29:47 +0000] "POST /auth/signup HTTP/1.1" 201 42 "-" "insomnia/2021.7.2"
::1 - - [27/Jun/2022:05:53:24 +0000] "POST /auth/login HTTP/1.1" 200 224 "-" "insomnia/2021.7.2"
::1 - - [27/Jun/2022:05:54:06 +0000] "POST /auth/login HTTP/1.1" 200 224 "-" "insomnia/2021.7.2"
::1 - - [27/Jun/2022:09:20:00 +0000] "PUT /auth/signup HTTP/1.1" 404 150 "-" "insomnia/2021.7.2"
::1 - - [27/Jun/2022:09:20:07 +0000] "POST /auth/signup HTTP/1.1" 201 42 "-" "insomnia/2021.7.2"
::1 - - [28/Jun/2022:00:35:12 +0000] "POST /auth/signup HTTP/1.1" 500 56 "-" "insomnia/2021.7.2"
::1 - - [28/Jun/2022:00:36:14 +0000] "POST /auth/signup HTTP/1.1" 422 61 "-" "insomnia/2021.7.2"
::1 - - [28/Jun/2022:00:36:22 +0000] "POST /auth/signup HTTP/1.1" 500 43 "-" "insomnia/2021.7.2"
::1 - - [28/Jun/2022:00:36:48 +0000] "POST /auth/signup HTTP/1.1" 500 43 "-" "insomnia/2021.7.2"
::1 - - [28/Jun/2022:00:37:04 +0000] "POST /auth/signup HTTP/1.1" 500 43 "-" "insomnia/2021.7.2"
::1 - - [28/Jun/2022:00:40:15 +0000] "POST /auth/signup HTTP/1.1" 422 62 "-" "insomnia/2021.7.2"
::1 - - [28/Jun/2022:00:40:15 +0000] "POST /auth/signup HTTP/1.1" 422 62 "-" "insomnia/2021.7.2"
::1 - - [28/Jun/2022:00:40:21 +0000] "POST /auth/signup HTTP/1.1" 500 42 "-" "insomnia/2021.7.2"
::1 - - [28/Jun/2022:00:40:37 +0000] "POST /auth/signup HTTP/1.1" 500 43 "-" "insomnia/2021.7.2"
::1 - - [28/Jun/2022:00:40:49 +0000] "POST /auth/signup HTTP/1.1" 422 62 "-" "insomnia/2021.7.2"
::1 - - [28/Jun/2022:00:40:54 +0000] "POST /auth/signup HTTP/1.1" 500 43 "-" "insomnia/2021.7.2"
::1 - - [28/Jun/2022:00:41:23 +0000] "POST /auth/signup HTTP/1.1" 500 43 "-" "insomnia/2021.7.2"
::1 - - [28/Jun/2022:00:41:48 +0000] "POST /auth/signup HTTP/1.1" 500 43 "-" "insomnia/2021.7.2"
::1 - - [28/Jun/2022:00:42:00 +0000] "POST /auth/signup HTTP/1.1" 500 43 "-" "insomnia/2021.7.2"
::1 - - [28/Jun/2022:00:43:10 +0000] "POST /auth/signup HTTP/1.1" 201 42 "-" "insomnia/2021.7.2"
::1 - - [28/Jun/2022:00:43:10 +0000] "POST /auth/signup HTTP/1.1" 201 42 "-" "insomnia/2021.7.2"
::1 - - [28/Jun/2022:00:43:22 +0000] "POST /auth/signup HTTP/1.1" 422 62 "-" "insomnia/2021.7.2"
::1 - - [28/Jun/2022:00:43:22 +0000] "POST /auth/signup HTTP/1.1" 422 62 "-" "insomnia/2021.7.2"
::1 - - [28/Jun/2022:00:43:22 +0000] "POST /auth/signup HTTP/1.1" 422 62 "-" "insomnia/2021.7.2"
::1 - - [28/Jun/2022:00:43:23 +0000] "POST /auth/signup HTTP/1.1" 422 62 "-" "insomnia/2021.7.2"
::1 - - [28/Jun/2022:00:43:49 +0000] "POST /auth/signup HTTP/1.1" 201 42 "-" "insomnia/2021.7.2"
::1 - - [28/Jun/2022:00:45:41 +0000] "POST /auth/signup HTTP/1.1" 201 42 "-" "insomnia/2021.7.2"
::1 - - [28/Jun/2022:00:46:23 +0000] "POST /auth/signup HTTP/1.1" 201 42 "-" "insomnia/2021.7.2"
::1 - - [28/Jun/2022:00:46:29 +0000] "GET /auth/signup/Bg+hNyrBxqsfel1YzLFf2mWG9PsV1xQcgeWmkz2rYVaGjXGpk1KZShtI41IKC7IIwgmv6YpGvH/ooe9TDIwKbA== HTTP/1.1" 404 239 "-" "Mozilla/5.0 (Macintosh; Intel Mac OS X 10_15_7) AppleWebKit/537.36 (KHTML, like Gecko) Chrome/102.0.5005.61 Safari/537.36"
::1 - - [28/Jun/2022:00:48:50 +0000] "POST /auth/signup HTTP/1.1" 201 42 "-" "insomnia/2021.7.2"
::1 - - [28/Jun/2022:00:51:32 +0000] "GET /auth/signup/KItvE4B2jc0Fta9xXWWfx3rS3p/r2XMkEQWiySqRnoTLBudR/DK5FH3PHv/sECgDEng0e0GT0MvZUyak60iGwA== HTTP/1.1" 404 239 "-" "Mozilla/5.0 (Macintosh; Intel Mac OS X 10_15_7) AppleWebKit/537.36 (KHTML, like Gecko) Chrome/102.0.5005.61 Safari/537.36"
::1 - - [28/Jun/2022:00:52:36 +0000] "POST /auth/signup HTTP/1.1" 201 42 "-" "insomnia/2021.7.2"
::1 - - [28/Jun/2022:00:52:59 +0000] "GET /auth/signup/iJsxYWJxyupv7qg2PO3bDsoW4Mhl78MfEShsobXprijac/JN9hk+c6mHRX13aMWZBqixBk+n8snN9Knlsy++7Q== HTTP/1.1" 404 239 "-" "Mozilla/5.0 (Macintosh; Intel Mac OS X 10_15_7) AppleWebKit/537.36 (KHTML, like Gecko) Chrome/102.0.5005.61 Safari/537.36"
::1 - - [28/Jun/2022:00:53:36 +0000] "GET /auth/signup/iJsxYWJxyupv7qg2PO3bDsoW4Mhl78MfEShsobXprijac/JN9hk+c6mHRX13aMWZBqixBk+n8snN9Knlsy++7Q== HTTP/1.1" 404 239 "-" "Mozilla/5.0 (Macintosh; Intel Mac OS X 10_15_7) AppleWebKit/537.36 (KHTML, like Gecko) Chrome/102.0.5005.61 Safari/537.36"
::1 - - [28/Jun/2022:00:56:28 +0000] "POST /auth/signup HTTP/1.1" 201 42 "-" "insomnia/2021.7.2"
::1 - - [28/Jun/2022:00:58:03 +0000] "GET /auth/signup/mnhm3JuASL5g7fvuusKCwmJAR73czQ/qotA5L/2IP/8vvVHPpQGD0ERoA0SRxPLijMlGOcjqUlyCbyZpvwh1oA== HTTP/1.1" 404 239 "-" "Mozilla/5.0 (Macintosh; Intel Mac OS X 10_15_7) AppleWebKit/537.36 (KHTML, like Gecko) Chrome/102.0.5005.61 Safari/537.36"
::1 - - [28/Jun/2022:00:58:38 +0000] "POST /auth/signup HTTP/1.1" 201 42 "-" "insomnia/2021.7.2"
::1 - - [28/Jun/2022:00:58:42 +0000] "GET /auth/signup/p1CKzFuAsn2pF+48Tm4dQs1GExwoY9e1yeFHClFTJab01WlY5ugNHi9lXSwfgvd9yxq3pTPtx2db/7+bXjnATQ== HTTP/1.1" 404 239 "-" "Mozilla/5.0 (Macintosh; Intel Mac OS X 10_15_7) AppleWebKit/537.36 (KHTML, like Gecko) Chrome/102.0.5005.61 Safari/537.36"
::1 - - [28/Jun/2022:01:00:36 +0000] "GET /auth/signup/p1CKzFuAsn2pF+48Tm4dQs1GExwoY9e1yeFHClFTJab01WlY5ugNHi9lXSwfgvd9yxq3pTPtx2db/7+bXjnATQ== HTTP/1.1" 404 239 "-" "Mozilla/5.0 (Macintosh; Intel Mac OS X 10_15_7) AppleWebKit/537.36 (KHTML, like Gecko) Chrome/102.0.5005.61 Safari/537.36"
::1 - - [28/Jun/2022:01:03:08 +0000] "POST /auth/signup HTTP/1.1" 201 43 "-" "insomnia/2021.7.2"
::1 - - [28/Jun/2022:01:03:32 +0000] "GET /auth/bk1xWhTaRNZ75wwWDNwof5e1G3EdQTGKKaVRaj3lhyT2gHaRaJQMPkgQTWboEb63s4LlFOXH4njED74B/dcuYA== HTTP/1.1" 404 232 "-" "insomnia/2021.7.2"
::1 - - [28/Jun/2022:01:03:37 +0000] "GET /feed/post/33 HTTP/1.1" 404 151 "-" "insomnia/2021.7.2"
::1 - - [28/Jun/2022:01:03:44 +0000] "GET /feed/post/33 HTTP/1.1" 404 151 "-" "insomnia/2021.7.2"
::1 - - [28/Jun/2022:01:03:46 +0000] "GET /auth/bk1xWhTaRNZ75wwWDNwof5e1G3EdQTGKKaVRaj3lhyT2gHaRaJQMPkgQTWboEb63s4LlFOXH4njED74B/dcuYA== HTTP/1.1" 404 232 "-" "insomnia/2021.7.2"
::1 - - [28/Jun/2022:01:06:45 +0000] "GET /auth/bk1xWhTaRNZ75wwWDNwof5e1G3EdQTGKKaVRaj3lhyT2gHaRaJQMPkgQTWboEb63s4LlFOXH4njED74B/dcuYA== HTTP/1.1" 404 232 "-" "insomnia/2021.7.2"
::1 - - [28/Jun/2022:01:07:01 +0000] "POST /auth/signup HTTP/1.1" 201 43 "-" "insomnia/2021.7.2"
::1 - - [28/Jun/2022:01:07:07 +0000] "GET /auth/8YZ2msnfqkuLDvfY7DwEft/A9ZbV7yc+UZHBggat7ldloKURCRjJYWWnNb2+1c6ineRFc11XzPfjo2+ElQyC6A== HTTP/1.1" 404 232 "-" "Mozilla/5.0 (Macintosh; Intel Mac OS X 10_15_7) AppleWebKit/537.36 (KHTML, like Gecko) Chrome/102.0.5005.61 Safari/537.36"
::1 - - [28/Jun/2022:01:08:55 +0000] "POST /auth/signup HTTP/1.1" 500 42 "-" "insomnia/2021.7.2"
::1 - - [28/Jun/2022:01:09:13 +0000] "POST /auth/signup HTTP/1.1" 201 43 "-" "insomnia/2021.7.2"
::1 - - [28/Jun/2022:01:09:19 +0000] "GET /auth/test HTTP/1.1" 403 52 "-" "Mozilla/5.0 (Macintosh; Intel Mac OS X 10_15_7) AppleWebKit/537.36 (KHTML, like Gecko) Chrome/102.0.5005.61 Safari/537.36"
::1 - - [28/Jun/2022:01:10:28 +0000] "POST /auth/signup HTTP/1.1" 201 43 "-" "insomnia/2021.7.2"
::1 - - [28/Jun/2022:01:10:32 +0000] "GET /auth/test HTTP/1.1" 200 46 "-" "Mozilla/5.0 (Macintosh; Intel Mac OS X 10_15_7) AppleWebKit/537.36 (KHTML, like Gecko) Chrome/102.0.5005.61 Safari/537.36"
::ffff:45.79.204.46 - - [28/Jun/2022:01:11:45 +0000] "GET / HTTP/1.1" 404 139 "-" "Mozilla/5.0 (Windows NT 10.0; Win64; x64) AppleWebKit/537.36 (KHTML, like Gecko) Chrome/60.0.3112.113 Safari/537.36"
::1 - - [28/Jun/2022:01:13:29 +0000] "POST /auth/signup HTTP/1.1" 201 42 "-" "insomnia/2021.7.2"
::1 - - [28/Jun/2022:01:15:29 +0000] "POST /auth/signup HTTP/1.1" 500 41 "-" "insomnia/2021.7.2"
::1 - - [28/Jun/2022:01:16:02 +0000] "POST /auth/signup HTTP/1.1" 500 42 "-" "insomnia/2021.7.2"
::1 - - [28/Jun/2022:01:16:29 +0000] "POST /auth/signup HTTP/1.1" 201 42 "-" "insomnia/2021.7.2"
::1 - - [28/Jun/2022:01:17:03 +0000] "POST /auth/signup HTTP/1.1" 422 64 "-" "insomnia/2021.7.2"
::1 - - [28/Jun/2022:01:17:18 +0000] "POST /auth/signup HTTP/1.1" 201 42 "-" "insomnia/2021.7.2"
::1 - - [28/Jun/2022:01:20:29 +0000] "POST /auth/signup HTTP/1.1" 201 42 "-" "insomnia/2021.7.2"
::1 - - [28/Jun/2022:01:25:16 +0000] "GET /auth/test HTTP/1.1" 200 45 "-" "Mozilla/5.0 (Macintosh; Intel Mac OS X 10_15_7) AppleWebKit/537.36 (KHTML, like Gecko) Chrome/102.0.5005.61 Safari/537.36"
::1 - - [28/Jun/2022:01:29:17 +0000] "POST /auth/signup HTTP/1.1" 201 42 "-" "insomnia/2021.7.2"
::1 - - [28/Jun/2022:01:29:40 +0000] "GET /auth/vw3ek/vj3JiLvxKa6uPTzCzU8cLX39tk4TrpHrSVWsOROutYgV3VHx+pYuCO91cPp7xqIZO8zaLTzhrmy/wv0w== HTTP/1.1" 404 232 "-" "Mozilla/5.0 (Macintosh; Intel Mac OS X 10_15_7) AppleWebKit/537.36 (KHTML, like Gecko) Chrome/102.0.5005.61 Safari/537.36"
::1 - - [28/Jun/2022:01:31:09 +0000] "POST /auth/signup HTTP/1.1" 201 42 "-" "insomnia/2021.7.2"
::1 - - [28/Jun/2022:01:36:53 +0000] "POST /auth/signup HTTP/1.1" 500 84 "-" "insomnia/2021.7.2"
::1 - - [28/Jun/2022:01:37:58 +0000] "POST /auth/signup HTTP/1.1" 201 42 "-" "insomnia/2021.7.2"
::1 - - [28/Jun/2022:01:39:14 +0000] "POST /auth/signup HTTP/1.1" - - "-" "insomnia/2021.7.2"
::1 - - [28/Jun/2022:01:41:32 +0000] "POST /auth/signup HTTP/1.1" 500 49 "-" "insomnia/2021.7.2"
::1 - - [28/Jun/2022:01:41:44 +0000] "POST /auth/signup HTTP/1.1" 201 42 "-" "insomnia/2021.7.2"
::1 - - [28/Jun/2022:01:42:02 +0000] "POST /auth/signup HTTP/1.1" 201 43 "-" "insomnia/2021.7.2"
::1 - - [28/Jun/2022:01:42:07 +0000] "GET /auth/test HTTP/1.1" 200 45 "-" "Mozilla/5.0 (Macintosh; Intel Mac OS X 10_15_7) AppleWebKit/537.36 (KHTML, like Gecko) Chrome/102.0.5005.61 Safari/537.36"
::1 - - [28/Jun/2022:01:42:43 +0000] "POST /auth/signup HTTP/1.1" 201 43 "-" "insomnia/2021.7.2"
::1 - - [28/Jun/2022:01:43:09 +0000] "POST /auth/signup HTTP/1.1" 201 43 "-" "insomnia/2021.7.2"
::1 - - [28/Jun/2022:01:43:15 +0000] "GET /auth/$2b$10$APpCjZ8N.Aro8sU.4DWXHe07SFqsLr2mxx/DUGmu4EFExub64luWa HTTP/1.1" 404 204 "-" "Mozilla/5.0 (Macintosh; Intel Mac OS X 10_15_7) AppleWebKit/537.36 (KHTML, like Gecko) Chrome/102.0.5005.61 Safari/537.36"
::ffff:103.141.8.206 - - [28/Jun/2022:01:44:10 +0000] "GET / HTTP/1.1" 404 139 "-" "Mozilla/5.0 (Windows NT 10.0; WOW64) AppleWebKit/537.36 (KHTML, like Gecko) Chrome/52.0.2743.116 Safari/537.36"
::1 - - [28/Jun/2022:01:46:05 +0000] "POST /auth/signup HTTP/1.1" 201 43 "-" "insomnia/2021.7.2"
::1 - - [28/Jun/2022:01:46:14 +0000] "GET /auth/$2b$10$d0Nzp.hZN4aN7WAS1mCIAeL8zz2hpvThX4f9aQrSRVBXaSMeMNROS HTTP/1.1" 200 46 "-" "Mozilla/5.0 (Macintosh; Intel Mac OS X 10_15_7) AppleWebKit/537.36 (KHTML, like Gecko) Chrome/102.0.5005.61 Safari/537.36"
::1 - - [28/Jun/2022:01:46:33 +0000] "POST /auth/signup HTTP/1.1" 201 43 "-" "insomnia/2021.7.2"
::1 - - [28/Jun/2022:01:46:44 +0000] "GET /feed/posts HTTP/1.1" 404 149 "-" "insomnia/2021.7.2"
::1 - - [28/Jun/2022:01:46:49 +0000] "POST /auth/signup HTTP/1.1" 201 43 "-" "insomnia/2021.7.2"
::1 - - [28/Jun/2022:01:46:58 +0000] "GET /auth/$2b$10$O.XajGNayVKtz1RIeFiGTuUS9ajcma.d.X7YJ3UEJQhoRO/8/EgDe HTTP/1.1" 404 204 "-" "Mozilla/5.0 (Macintosh; Intel Mac OS X 10_15_7) AppleWebKit/537.36 (KHTML, like Gecko) Chrome/102.0.5005.61 Safari/537.36"
::1 - - [28/Jun/2022:01:51:39 +0000] "POST /auth/signup HTTP/1.1" 201 43 "-" "insomnia/2021.7.2"
::1 - - [28/Jun/2022:01:51:53 +0000] "GET /auth/signupToken/?token=$2b$10$/DO1j0kJa7.YM4dfAcSahuLp/5yJjEWH2ychWqZQ0ePdMTYnuqpRK HTTP/1.1" 403 52 "-" "Mozilla/5.0 (Macintosh; Intel Mac OS X 10_15_7) AppleWebKit/537.36 (KHTML, like Gecko) Chrome/102.0.5005.61 Safari/537.36"
::1 - - [28/Jun/2022:01:52:28 +0000] "GET /auth/signupToken/?token=$2b$10$/DO1j0kJa7.YM4dfAcSahuLp/5yJjEWH2ychWqZQ0ePdMTYnuqpRK HTTP/1.1" 403 52 "-" "Mozilla/5.0 (Macintosh; Intel Mac OS X 10_15_7) AppleWebKit/537.36 (KHTML, like Gecko) Chrome/102.0.5005.61 Safari/537.36"
::1 - - [28/Jun/2022:01:52:55 +0000] "GET /auth/$2b$10$/DO1j0kJa7.YM4dfAcSahuLp/5yJjEWH2ychWqZQ0ePdMTYnuqpRK HTTP/1.1" 404 204 "-" "Mozilla/5.0 (Macintosh; Intel Mac OS X 10_15_7) AppleWebKit/537.36 (KHTML, like Gecko) Chrome/102.0.5005.61 Safari/537.36"
::1 - - [28/Jun/2022:01:54:07 +0000] "GET /auth/signupToken/?token=$2b$10$/DO1j0kJa7.YM4dfAcSahuLp/5yJjEWH2ychWqZQ0ePdMTYnuqpRK HTTP/1.1" 403 52 "-" "Mozilla/5.0 (Macintosh; Intel Mac OS X 10_15_7) AppleWebKit/537.36 (KHTML, like Gecko) Chrome/102.0.5005.61 Safari/537.36"
::1 - - [28/Jun/2022:01:54:57 +0000] "GET /auth/signupToken/?token=$2b$10$/DO1j0kJa7.YM4dfAcSahuLp/5yJjEWH2ychWqZQ0ePdMTYnuqpRK HTTP/1.1" 403 52 "-" "Mozilla/5.0 (Macintosh; Intel Mac OS X 10_15_7) AppleWebKit/537.36 (KHTML, like Gecko) Chrome/102.0.5005.61 Safari/537.36"
::1 - - [28/Jun/2022:01:56:00 +0000] "POST /auth/signup HTTP/1.1" 201 43 "-" "insomnia/2021.7.2"
::1 - - [28/Jun/2022:01:56:09 +0000] "GET /auth/signupToken/?token=$2b$10$5E/dsL1YyIMPvQ1aDzJuJuIUAtTGG7D0W1g/nQtTIkI6yHF7rbAVu HTTP/1.1" 200 46 "-" "Mozilla/5.0 (Macintosh; Intel Mac OS X 10_15_7) AppleWebKit/537.36 (KHTML, like Gecko) Chrome/102.0.5005.61 Safari/537.36"
::1 - - [28/Jun/2022:01:56:30 +0000] "GET /auth/signupToken/?token=$2b$10$5E/dsL1YyIMPvQ1aDzJuJuIUAtTGG7D0W1g/nQtTIkI6yHF7rbAVu HTTP/1.1" 304 - "-" "Mozilla/5.0 (Macintosh; Intel Mac OS X 10_15_7) AppleWebKit/537.36 (KHTML, like Gecko) Chrome/102.0.5005.61 Safari/537.36"
::1 - - [28/Jun/2022:01:56:51 +0000] "POST /auth/signup HTTP/1.1" 201 43 "-" "insomnia/2021.7.2"
::1 - - [28/Jun/2022:01:56:56 +0000] "GET /auth/signupToken/?token=$2b$10$fzilGJFHS/sYPJku4FXWUOhdefa2WgPecVcj.Va5eO992cANzufm HTTP/1.1" 403 52 "-" "Mozilla/5.0 (Macintosh; Intel Mac OS X 10_15_7) AppleWebKit/537.36 (KHTML, like Gecko) Chrome/102.0.5005.61 Safari/537.36"
::1 - - [28/Jun/2022:01:57:37 +0000] "POST /auth/signup HTTP/1.1" 201 43 "-" "insomnia/2021.7.2"
::1 - - [28/Jun/2022:01:57:42 +0000] "GET /auth/signupToken/?token=$2b$10$AsJZJSRKTmPllJtHDuGw1e7hAmBFq1tARMA8Rb88xefuY2ng0Gyoe HTTP/1.1" 200 46 "-" "Mozilla/5.0 (Macintosh; Intel Mac OS X 10_15_7) AppleWebKit/537.36 (KHTML, like Gecko) Chrome/102.0.5005.61 Safari/537.36"
::1 - - [28/Jun/2022:01:58:20 +0000] "POST /auth/signup HTTP/1.1" 201 43 "-" "insomnia/2021.7.2"
::1 - - [28/Jun/2022:01:58:27 +0000] "GET /auth/signupToken/?token=$2b$10$6bVQ8c2Tc6j.QubxUOtruOHIrZGzn3XdfwFTtItMzF44.RJ0cy4Na HTTP/1.1" 200 46 "-" "Mozilla/5.0 (Macintosh; Intel Mac OS X 10_15_7) AppleWebKit/537.36 (KHTML, like Gecko) Chrome/102.0.5005.61 Safari/537.36"
::1 - - [28/Jun/2022:01:59:45 +0000] "POST /auth/signup HTTP/1.1" 201 43 "-" "insomnia/2021.7.2"
::1 - - [28/Jun/2022:01:59:50 +0000] "GET /auth/signupToken/?token=$2b$10$mlCOS1UFySEdz.GAQVsw4ObAEF6dt2HBTbZfT56lew4o1Tj1bQyfi HTTP/1.1" 200 46 "-" "Mozilla/5.0 (Macintosh; Intel Mac OS X 10_15_7) AppleWebKit/537.36 (KHTML, like Gecko) Chrome/102.0.5005.61 Safari/537.36"
::1 - - [28/Jun/2022:02:00:04 +0000] "POST /auth/signup HTTP/1.1" 201 43 "-" "insomnia/2021.7.2"
::1 - - [28/Jun/2022:02:00:13 +0000] "GET /auth/signupToken/?token=$2b$10$39vgUWOiKALM53ntSRtxme/cw5FpYcoF/0kAplFbnZO7mDkwmT7wm HTTP/1.1" 200 46 "-" "Mozilla/5.0 (Macintosh; Intel Mac OS X 10_15_7) AppleWebKit/537.36 (KHTML, like Gecko) Chrome/102.0.5005.61 Safari/537.36"
::1 - - [28/Jun/2022:02:00:50 +0000] "GET /auth/signupToken/?token=$2b$10$39vgUWOiKALM53ntSRtxme/cw5FpYcoF/0kAplFbnZO7mDkwmT7wm HTTP/1.1" 403 52 "-" "Mozilla/5.0 (Macintosh; Intel Mac OS X 10_15_7) AppleWebKit/537.36 (KHTML, like Gecko) Chrome/102.0.5005.61 Safari/537.36"
::1 - - [28/Jun/2022:02:01:48 +0000] "POST /auth/signup HTTP/1.1" 201 43 "-" "insomnia/2021.7.2"
::1 - - [28/Jun/2022:02:02:30 +0000] "POST /auth/signup HTTP/1.1" 201 43 "-" "insomnia/2021.7.2"
::1 - - [28/Jun/2022:02:02:59 +0000] "GET /auth/signupToken/?token=$2b$10$VvI091jRc7TydEk6G3MGNuzAC6v/vGBzK9riAUKORTv8ohA9HBYT2 HTTP/1.1" 200 46 "-" "Mozilla/5.0 (Macintosh; Intel Mac OS X 10_15_7) AppleWebKit/537.36 (KHTML, like Gecko) Chrome/102.0.5005.61 Safari/537.36"
::1 - - [28/Jun/2022:02:04:05 +0000] "GET /auth/signupToken/?token=$2b$10$VvI091jRc7TydEk6G3MGNuzAC6v/vGBzK9riAUKORTv8ohA9HBYT2 HTTP/1.1" 304 - "-" "Mozilla/5.0 (Macintosh; Intel Mac OS X 10_15_7) AppleWebKit/537.36 (KHTML, like Gecko) Chrome/102.0.5005.61 Safari/537.36"
::1 - - [28/Jun/2022:02:04:31 +0000] "POST /auth/signup HTTP/1.1" 201 43 "-" "insomnia/2021.7.2"
::1 - - [28/Jun/2022:02:05:44 +0000] "POST /auth/signup HTTP/1.1" 201 43 "-" "insomnia/2021.7.2"
::1 - - [28/Jun/2022:02:05:52 +0000] "GET /auth/signupToken/?token=$2b$10$etoUynL67YNZxNAxbaP6reAq.mAP1g0fjScebZQYHtOzSIA3GCL4C HTTP/1.1" 200 46 "-" "Mozilla/5.0 (Macintosh; Intel Mac OS X 10_15_7) AppleWebKit/537.36 (KHTML, like Gecko) Chrome/102.0.5005.61 Safari/537.36"
::1 - - [28/Jun/2022:02:06:22 +0000] "POST /auth/signup HTTP/1.1" 201 43 "-" "insomnia/2021.7.2"
::1 - - [28/Jun/2022:02:06:31 +0000] "GET /auth/signupToken/?token=$2b$10$etoUynL67YNZxNAxbaP6reAq.mAP1g0fjScebZQYHtOzSIA3GCL4C HTTP/1.1" 304 - "-" "Mozilla/5.0 (Macintosh; Intel Mac OS X 10_15_7) AppleWebKit/537.36 (KHTML, like Gecko) Chrome/102.0.5005.61 Safari/537.36"
::1 - - [28/Jun/2022:02:08:25 +0000] "POST /auth/signup HTTP/1.1" 201 43 "-" "insomnia/2021.7.2"
::1 - - [28/Jun/2022:02:16:26 +0000] "POST /auth/signup HTTP/1.1" 201 43 "-" "insomnia/2021.7.2"
::1 - - [28/Jun/2022:02:16:42 +0000] "POST /auth/signup HTTP/1.1" 201 43 "-" "insomnia/2021.7.2"
::ffff:124.89.86.212 - - [28/Jun/2022:12:43:02 +0000] "GET / HTTP/1.1" 404 139 "-" "-"
::ffff:117.199.210.88 - - [28/Jun/2022:15:44:06 +0000] "GET / HTTP/1.1" 404 139 "-" "Mozilla/5.0 (Windows NT 6.1; WOW64) AppleWebKit/537.36 (KHTML, like Gecko) Chrome/51.0.2704.103 Safari/537.36"
::ffff:138.122.53.136 - - [28/Jun/2022:16:31:12 +0000] "GET / HTTP/1.1" 404 139 "-" "Mozilla/5.0 (Macintosh; Intel Mac OS X 10_11_6) AppleWebKit/601.7.7 (KHTML, like Gecko) Version/9.1.2 Safari/601.7.7"
::ffff:91.242.149.172 - - [28/Jun/2022:21:21:00 +0000] "GET / HTTP/1.1" 404 139 "-" "Mozilla/5.0 (Windows NT 10.0; WOW64) AppleWebKit/537.36 (KHTML, like Gecko) Chrome/51.0.2704.103 Safari/537.36"
::ffff:128.14.141.34 - - [28/Jun/2022:22:27:18 +0000] "GET / HTTP/1.1" 404 139 "-" "Mozilla/5.0 (Windows NT 10.0; Win64; x64) AppleWebKit/537.36 (KHTML, like Gecko) Chrome/60.0.3112.113 Safari/537.36"
::ffff:127.0.0.1 - - [30/Jun/2022:01:07:44 +0000] "POST /auth/signup HTTP/1.1" 201 42 "-" "insomnia/2022.4.1"
::ffff:127.0.0.1 - - [30/Jun/2022:01:10:25 +0000] "POST /auth/signup HTTP/1.1" 201 43 "-" "insomnia/2022.4.1"
::ffff:127.0.0.1 - - [30/Jun/2022:01:12:51 +0000] "POST /auth/signup HTTP/1.1" 201 43 "-" "insomnia/2022.4.1"
::ffff:127.0.0.1 - - [30/Jun/2022:01:15:31 +0000] "POST /auth/signup HTTP/1.1" 201 43 "-" "insomnia/2022.4.1"
::ffff:127.0.0.1 - - [30/Jun/2022:01:20:08 +0000] "POST /auth/signup HTTP/1.1" 201 43 "-" "insomnia/2022.4.1"
::ffff:127.0.0.1 - - [30/Jun/2022:01:37:12 +0000] "POST /auth/signup HTTP/1.1" 201 43 "-" "insomnia/2022.4.1"
::1 - - [30/Jun/2022:01:37:25 +0000] "GET /auth/signupToken/?token=$2b$10$cpqsIckfGa8jAP01aQLWC.L6SwgN0B4/YSmop.eNXvdsUQKbpAaMy HTTP/1.1" 200 46 "-" "Mozilla/5.0 (Macintosh; Intel Mac OS X 10_15_7) AppleWebKit/537.36 (KHTML, like Gecko) Chrome/103.0.0.0 Safari/537.36"
::1 - - [30/Jun/2022:01:37:25 +0000] "GET /favicon.ico HTTP/1.1" 404 150 "-" "Mozilla/5.0 (Macintosh; Intel Mac OS X 10_15_7) AppleWebKit/537.36 (KHTML, like Gecko) Chrome/103.0.0.0 Safari/537.36"
